{
  "RSpec": {
    "coverage": {
      "/Users/apprentice/Desktop/HealthAware/source/app/controllers/application_controller.rb": [
        1,
        1,
        1,
        1,
        1,
        1,
        1,
        2,
        null,
        null,
        1,
        0,
        null,
        null,
        1,
        4,
        null,
        null,
        null
      ],
      "/Users/apprentice/Desktop/HealthAware/source/app/helpers/application_helper.rb": [
        1,
        null,
        null
      ],
      "/Users/apprentice/Desktop/HealthAware/source/app/controllers/baskets_controller.rb": [
        1,
        1,
        0,
        0,
        0,
        0,
        0,
        null,
        null,
        null,
        null,
        1,
        2,
        0,
        0,
        0,
        0,
        null,
        null,
        0,
        null,
        0,
        null,
        null
      ],
      "/Users/apprentice/Desktop/HealthAware/source/app/models/basket.rb": [
        1,
        1,
        null,
        1,
        1,
        null
      ],
      "/Users/apprentice/Desktop/HealthAware/source/app/controllers/foods_controller.rb": [
        1,
        1,
        0,
        0,
        0,
        null,
        0,
        null,
        0,
        null,
        0,
        0,
        0,
        0,
        0,
        0,
        0,
        0,
        null,
        0,
        null,
        null,
        null,
        0,
        0,
        null,
        0,
        null,
        null
      ],
      "/Users/apprentice/Desktop/HealthAware/source/app/models/food.rb": [
        1,
        1,
        1,
        1,
        null,
        1,
        null,
        null,
        null,
        null,
        null,
        null,
        null
      ],
      "/Users/apprentice/Desktop/HealthAware/source/app/controllers/goals_controller.rb": [
        1,
        null,
        1,
        0,
        0,
        0,
        0,
        null,
        null,
        1,
        0,
        null,
        0,
        0,
        0,
        null,
        0,
        null,
        null,
        null,
        0,
        0,
        0,
        0,
        0,
        null,
        0,
        0,
        0,
        0,
        null,
        0,
        null,
        null,
        0,
        0,
        null,
        0,
        null,
        null,
        1,
        0,
        0,
        0,
        0,
        null,
        null,
        null
      ],
      "/Users/apprentice/Desktop/HealthAware/source/app/models/goal.rb": [
        1,
        1,
        1,
        1,
        1,
        null,
        1,
        0,
        0,
        0,
        null,
        0,
        null,
        0,
        null,
        null,
        1,
        2,
        2,
        2,
        0,
        0,
        0,
        0,
        0,
        null,
        0,
        null,
        null
      ],
      "/Users/apprentice/Desktop/HealthAware/source/app/controllers/home_controller.rb": [
        1,
        1,
        0,
        0,
        null,
        0,
        null,
        null,
        1,
        null,
        null,
        null
      ],
      "/Users/apprentice/Desktop/HealthAware/source/app/controllers/nutrients_controller.rb": [
        1,
        null,
        null,
        null
      ],
      "/Users/apprentice/Desktop/HealthAware/source/app/models/nutrient.rb": [
        1,
        1,
        1,
        1,
        1,
        null
      ],
      "/Users/apprentice/Desktop/HealthAware/source/app/controllers/sessions_controller.rb": [
        1,
        null,
        1,
        null,
        null,
        1,
        0,
        0,
        0,
        null,
        0,
        null,
        null,
        1,
        0,
        0,
        null,
        null,
        null
      ],
      "/Users/apprentice/Desktop/HealthAware/source/app/controllers/users_controller.rb": [
        1,
        null,
        1,
        3,
        null,
        null,
        1,
        2,
        2,
        2,
        null,
        2,
        null,
        null,
        1,
        0,
        0,
        null,
        null,
        1,
        0,
        0,
        null,
        null,
        1,
        0,
        null,
        null,
        null
      ],
      "/Users/apprentice/Desktop/HealthAware/source/app/models/user.rb": [
        1,
        null,
        1,
        1,
        1,
        1,
        1,
        1,
        null
      ],
      "/Users/apprentice/Desktop/HealthAware/source/app/models/basket_food.rb": [
        1,
        1,
        null,
        1,
        1,
        null
      ]
    },
    "timestamp": 1399261531
  }
}
